# JRE version: Java(TM) SE Runtime Environment (7.0_65-b19) (build 1.7.0_65-b19)
# Java VM: Java HotSpot(TM) 64-Bit Server VM (24.65-b04 mixed mode windows-amd64 compressed oops)
Heap
 PSYoungGen      total 38400K, used 16735K [0x00000007d5b00000, 0x00000007d8580000, 0x0000000800000000)
  eden space 33280K, 34% used [0x00000007d5b00000,0x00000007d665c368,0x00000007d7b80000)
  from space 5120K, 99% used [0x00000007d8080000,0x00000007d857bb30,0x00000007d8580000)
  to   space 5120K, 0% used [0x00000007d7b80000,0x00000007d7b80000,0x00000007d8080000)
 ParOldGen       total 86528K, used 7121K [0x0000000781200000, 0x0000000786680000, 0x00000007d5b00000)
  object space 86528K, 8% used [0x0000000781200000,0x00000007818f4460,0x0000000786680000)
 PSPermGen       total 24576K, used 24442K [0x000000077c000000, 0x000000077d800000, 0x0000000781200000)
  object space 24576K, 99% used [0x000000077c000000,0x000000077d7dea88,0x000000077d800000)
GC Heap History (4 events):
Event: 1.163 GC heap before
{Heap before GC invocations=1 (full 0):
 PSYoungGen      total 38400K, used 33280K [0x00000007d5b00000, 0x00000007d8580000, 0x0000000800000000)
  eden space 33280K, 100% used [0x00000007d5b00000,0x00000007d7b80000,0x00000007d7b80000)
  from space 5120K, 0% used [0x00000007d8080000,0x00000007d8080000,0x00000007d8580000)
  to   space 5120K, 0% used [0x00000007d7b80000,0x00000007d7b80000,0x00000007d8080000)
 ParOldGen       total 86528K, used 0K [0x0000000781200000, 0x0000000786680000, 0x00000007d5b00000)
  object space 86528K, 0% used [0x0000000781200000,0x0000000781200000,0x0000000786680000)
 PSPermGen       total 21504K, used 14687K [0x000000077c000000, 0x000000077d500000, 0x0000000781200000)
  object space 21504K, 68% used [0x000000077c000000,0x000000077ce57f80,0x000000077d500000)
Event: 1.169 GC heap after
Heap after GC invocations=1 (full 0):
 PSYoungGen      total 38400K, used 4360K [0x00000007d5b00000, 0x00000007d8580000, 0x0000000800000000)
  eden space 33280K, 0% used [0x00000007d5b00000,0x00000007d5b00000,0x00000007d7b80000)
  from space 5120K, 85% used [0x00000007d7b80000,0x00000007d7fc2300,0x00000007d8080000)
  to   space 5120K, 0% used [0x00000007d8080000,0x00000007d8080000,0x00000007d8580000)
 ParOldGen       total 86528K, used 8K [0x0000000781200000, 0x0000000786680000, 0x00000007d5b00000)
  object space 86528K, 0% used [0x0000000781200000,0x0000000781202000,0x0000000786680000)
 PSPermGen       total 21504K, used 14687K [0x000000077c000000, 0x000000077d500000, 0x0000000781200000)
  object space 21504K, 68% used [0x000000077c000000,0x000000077ce57f80,0x000000077d500000)
}
Event: 18.575 GC heap before
{Heap before GC invocations=2 (full 0):
 PSYoungGen      total 38400K, used 37640K [0x00000007d5b00000, 0x00000007d8580000, 0x0000000800000000)
  eden space 33280K, 100% used [0x00000007d5b00000,0x00000007d7b80000,0x00000007d7b80000)
  from space 5120K, 85% used [0x00000007d7b80000,0x00000007d7fc2300,0x00000007d8080000)
  to   space 5120K, 0% used [0x00000007d8080000,0x00000007d8080000,0x00000007d8580000)
 ParOldGen       total 86528K, used 8K [0x0000000781200000, 0x0000000786680000, 0x00000007d5b00000)
  object space 86528K, 0% used [0x0000000781200000,0x0000000781202000,0x0000000786680000)
 PSPermGen       total 23552K, used 23422K [0x000000077c000000, 0x000000077d700000, 0x0000000781200000)
  object space 23552K, 99% used [0x000000077c000000,0x000000077d6dfb80,0x000000077d700000)
Event: 18.593 GC heap after
Heap after GC invocations=2 (full 0):
 PSYoungGen      total 38400K, used 5102K [0x00000007d5b00000, 0x00000007d8580000, 0x0000000800000000)
  eden space 33280K, 0% used [0x00000007d5b00000,0x00000007d5b00000,0x00000007d7b80000)
  from space 5120K, 99% used [0x00000007d8080000,0x00000007d857bb30,0x00000007d8580000)
  to   space 5120K, 0% used [0x00000007d7b80000,0x00000007d7b80000,0x00000007d8080000)
 ParOldGen       total 86528K, used 7121K [0x0000000781200000, 0x0000000786680000, 0x00000007d5b00000)
  object space 86528K, 8% used [0x0000000781200000,0x00000007818f4460,0x0000000786680000)
 PSPermGen       total 23552K, used 23422K [0x000000077c000000, 0x000000077d700000, 0x0000000781200000)
  object space 23552K, 99% used [0x000000077c000000,0x000000077d6dfb80,0x000000077d700000)
}

