# JRE version: Java(TM) SE Runtime Environment (7.0_65-b19) (build 1.7.0_65-b19)
# Java VM: Java HotSpot(TM) 64-Bit Server VM (24.65-b04 mixed mode windows-amd64 compressed oops)
Heap
 PSYoungGen      total 37888K, used 35106K [0x00000007d5b00000, 0x00000007d9200000, 0x0000000800000000)
  eden space 32768K, 94% used [0x00000007d5b00000,0x00000007d793ab10,0x00000007d7b00000)
  from space 5120K, 81% used [0x00000007d7b80000,0x00000007d7f8e030,0x00000007d8080000)
  to   space 11776K, 0% used [0x00000007d8680000,0x00000007d8680000,0x00000007d9200000)
 ParOldGen       total 86528K, used 8107K [0x0000000781200000, 0x0000000786680000, 0x00000007d5b00000)
  object space 86528K, 9% used [0x0000000781200000,0x00000007819eae68,0x0000000786680000)
 PSPermGen       total 25600K, used 25096K [0x000000077c000000, 0x000000077d900000, 0x0000000781200000)
  object space 25600K, 98% used [0x000000077c000000,0x000000077d882088,0x000000077d900000)
GC Heap History (10 events):
Event: 2.165 GC heap before
{Heap before GC invocations=1 (full 0):
 PSYoungGen      total 38400K, used 33280K [0x00000007d5b00000, 0x00000007d8580000, 0x0000000800000000)
  eden space 33280K, 100% used [0x00000007d5b00000,0x00000007d7b80000,0x00000007d7b80000)
  from space 5120K, 0% used [0x00000007d8080000,0x00000007d8080000,0x00000007d8580000)
  to   space 5120K, 0% used [0x00000007d7b80000,0x00000007d7b80000,0x00000007d8080000)
 ParOldGen       total 86528K, used 0K [0x0000000781200000, 0x0000000786680000, 0x00000007d5b00000)
  object space 86528K, 0% used [0x0000000781200000,0x0000000781200000,0x0000000786680000)
 PSPermGen       total 21504K, used 14687K [0x000000077c000000, 0x000000077d500000, 0x0000000781200000)
  object space 21504K, 68% used [0x000000077c000000,0x000000077ce57ce0,0x000000077d500000)
Event: 2.181 GC heap after
Heap after GC invocations=1 (full 0):
 PSYoungGen      total 38400K, used 4380K [0x00000007d5b00000, 0x00000007d8580000, 0x0000000800000000)
  eden space 33280K, 0% used [0x00000007d5b00000,0x00000007d5b00000,0x00000007d7b80000)
  from space 5120K, 85% used [0x00000007d7b80000,0x00000007d7fc72e0,0x00000007d8080000)
  to   space 5120K, 0% used [0x00000007d8080000,0x00000007d8080000,0x00000007d8580000)
 ParOldGen       total 86528K, used 8K [0x0000000781200000, 0x0000000786680000, 0x00000007d5b00000)
  object space 86528K, 0% used [0x0000000781200000,0x0000000781202000,0x0000000786680000)
 PSPermGen       total 21504K, used 14687K [0x000000077c000000, 0x000000077d500000, 0x0000000781200000)
  object space 21504K, 68% used [0x000000077c000000,0x000000077ce57ce0,0x000000077d500000)
}
Event: 36.542 GC heap before
{Heap before GC invocations=2 (full 0):
 PSYoungGen      total 38400K, used 37660K [0x00000007d5b00000, 0x00000007d8580000, 0x0000000800000000)
  eden space 33280K, 100% used [0x00000007d5b00000,0x00000007d7b80000,0x00000007d7b80000)
  from space 5120K, 85% used [0x00000007d7b80000,0x00000007d7fc72e0,0x00000007d8080000)
  to   space 5120K, 0% used [0x00000007d8080000,0x00000007d8080000,0x00000007d8580000)
 ParOldGen       total 86528K, used 8K [0x0000000781200000, 0x0000000786680000, 0x00000007d5b00000)
  object space 86528K, 0% used [0x0000000781200000,0x0000000781202000,0x0000000786680000)
 PSPermGen       total 23040K, used 22554K [0x000000077c000000, 0x000000077d680000, 0x0000000781200000)
  object space 23040K, 97% used [0x000000077c000000,0x000000077d606838,0x000000077d680000)
Event: 36.586 GC heap after
Heap after GC invocations=2 (full 0):
 PSYoungGen      total 38400K, used 5091K [0x00000007d5b00000, 0x00000007d8580000, 0x0000000800000000)
  eden space 33280K, 0% used [0x00000007d5b00000,0x00000007d5b00000,0x00000007d7b80000)
  from space 5120K, 99% used [0x00000007d8080000,0x00000007d8578dd0,0x00000007d8580000)
  to   space 5120K, 0% used [0x00000007d7b80000,0x00000007d7b80000,0x00000007d8080000)
 ParOldGen       total 86528K, used 6643K [0x0000000781200000, 0x0000000786680000, 0x00000007d5b00000)
  object space 86528K, 7% used [0x0000000781200000,0x000000078187ccc0,0x0000000786680000)
 PSPermGen       total 23040K, used 22554K [0x000000077c000000, 0x000000077d680000, 0x0000000781200000)
  object space 23040K, 97% used [0x000000077c000000,0x000000077d606838,0x000000077d680000)
}
Event: 181.314 GC heap before
{Heap before GC invocations=3 (full 0):
 PSYoungGen      total 38400K, used 38371K [0x00000007d5b00000, 0x00000007d8580000, 0x0000000800000000)
  eden space 33280K, 100% used [0x00000007d5b00000,0x00000007d7b80000,0x00000007d7b80000)
  from space 5120K, 99% used [0x00000007d8080000,0x00000007d8578dd0,0x00000007d8580000)
  to   space 5120K, 0% used [0x00000007d7b80000,0x00000007d7b80000,0x00000007d8080000)
 ParOldGen       total 86528K, used 6643K [0x0000000781200000, 0x0000000786680000, 0x00000007d5b00000)
  object space 86528K, 7% used [0x0000000781200000,0x000000078187ccc0,0x0000000786680000)
 PSPermGen       total 24064K, used 23780K [0x000000077c000000, 0x000000077d780000, 0x0000000781200000)
  object space 24064K, 98% used [0x000000077c000000,0x000000077d739178,0x000000077d780000)
Event: 181.327 GC heap after
Heap after GC invocations=3 (full 0):
 PSYoungGen      total 38400K, used 5113K [0x00000007d5b00000, 0x00000007d8580000, 0x0000000800000000)
  eden space 33280K, 0% used [0x00000007d5b00000,0x00000007d5b00000,0x00000007d7b80000)
  from space 5120K, 99% used [0x00000007d7b80000,0x00000007d807e740,0x00000007d8080000)
  to   space 5120K, 0% used [0x00000007d8080000,0x00000007d8080000,0x00000007d8580000)
 ParOldGen       total 86528K, used 7892K [0x0000000781200000, 0x0000000786680000, 0x00000007d5b00000)
  object space 86528K, 9% used [0x0000000781200000,0x00000007819b5268,0x0000000786680000)
 PSPermGen       total 24064K, used 23780K [0x000000077c000000, 0x000000077d780000, 0x0000000781200000)
  object space 24064K, 98% used [0x000000077c000000,0x000000077d739178,0x000000077d780000)
}
Event: 6544.343 GC heap before
{Heap before GC invocations=4 (full 0):
 PSYoungGen      total 38400K, used 38393K [0x00000007d5b00000, 0x00000007d8580000, 0x0000000800000000)
  eden space 33280K, 100% used [0x00000007d5b00000,0x00000007d7b80000,0x00000007d7b80000)
  from space 5120K, 99% used [0x00000007d7b80000,0x00000007d807e740,0x00000007d8080000)
  to   space 5120K, 0% used [0x00000007d8080000,0x00000007d8080000,0x00000007d8580000)
 ParOldGen       total 86528K, used 7892K [0x0000000781200000, 0x0000000786680000, 0x00000007d5b00000)
  object space 86528K, 9% used [0x0000000781200000,0x00000007819b5268,0x0000000786680000)
 PSPermGen       total 24064K, used 23931K [0x000000077c000000, 0x000000077d780000, 0x0000000781200000)
  object space 24064K, 99% used [0x000000077c000000,0x000000077d75ec58,0x000000077d780000)
Event: 6544.363 GC heap after
Heap after GC invocations=4 (full 0):
 PSYoungGen      total 38400K, used 5099K [0x00000007d5b00000, 0x00000007d8580000, 0x0000000800000000)
  eden space 33280K, 0% used [0x00000007d5b00000,0x00000007d5b00000,0x00000007d7b80000)
  from space 5120K, 99% used [0x00000007d8080000,0x00000007d857ae08,0x00000007d8580000)
  to   space 5120K, 0% used [0x00000007d7b80000,0x00000007d7b80000,0x00000007d8080000)
 ParOldGen       total 86528K, used 8099K [0x0000000781200000, 0x0000000786680000, 0x00000007d5b00000)
  object space 86528K, 9% used [0x0000000781200000,0x00000007819e8e68,0x0000000786680000)
 PSPermGen       total 24064K, used 23931K [0x000000077c000000, 0x000000077d780000, 0x0000000781200000)
  object space 24064K, 99% used [0x000000077c000000,0x000000077d75ec58,0x000000077d780000)
}
Event: 15273.870 GC heap before
{Heap before GC invocations=5 (full 0):
 PSYoungGen      total 38400K, used 38379K [0x00000007d5b00000, 0x00000007d8580000, 0x0000000800000000)
  eden space 33280K, 100% used [0x00000007d5b00000,0x00000007d7b80000,0x00000007d7b80000)
  from space 5120K, 99% used [0x00000007d8080000,0x00000007d857ae08,0x00000007d8580000)
  to   space 5120K, 0% used [0x00000007d7b80000,0x00000007d7b80000,0x00000007d8080000)
 ParOldGen       total 86528K, used 8099K [0x0000000781200000, 0x0000000786680000, 0x00000007d5b00000)
  object space 86528K, 9% used [0x0000000781200000,0x00000007819e8e68,0x0000000786680000)
 PSPermGen       total 24064K, used 23931K [0x000000077c000000, 0x000000077d780000, 0x0000000781200000)
  object space 24064K, 99% used [0x000000077c000000,0x000000077d75eea0,0x000000077d780000)
Event: 15273.883 GC heap after
Heap after GC invocations=5 (full 0):
 PSYoungGen      total 37888K, used 4152K [0x00000007d5b00000, 0x00000007d9200000, 0x0000000800000000)
  eden space 32768K, 0% used [0x00000007d5b00000,0x00000007d5b00000,0x00000007d7b00000)
  from space 5120K, 81% used [0x00000007d7b80000,0x00000007d7f8e030,0x00000007d8080000)
  to   space 11776K, 0% used [0x00000007d8680000,0x00000007d8680000,0x00000007d9200000)
 ParOldGen       total 86528K, used 8107K [0x0000000781200000, 0x0000000786680000, 0x00000007d5b00000)
  object space 86528K, 9% used [0x0000000781200000,0x00000007819eae68,0x0000000786680000)
 PSPermGen       total 24064K, used 23931K [0x000000077c000000, 0x000000077d780000, 0x0000000781200000)
  object space 24064K, 99% used [0x000000077c000000,0x000000077d75eea0,0x000000077d780000)
}

